kotlin version: 1.9.23
error message: java.lang.OutOfMemoryError: Java heap space
	at java.base/java.lang.StringLatin1.newString(StringLatin1.java:769)
	at java.base/java.lang.String.substring(String.java:2714)
	at java.base/java.lang.String.split(String.java:3127)
	at java.base/java.lang.String.split(String.java:3201)
	at org.jetbrains.kotlin.cli.common.messages.OutputMessageUtil.parseOutputMessage(OutputMessageUtil.java:49)
	at org.jetbrains.kotlin.compilerRunner.MessageCollectorToOutputItemsCollectorAdapter.report(MessageCollectorToOutputItemsCollectorAdapter.kt:30)
	at org.jetbrains.kotlin.cli.common.messages.GroupingMessageCollector.report(GroupingMessageCollector.java:53)
	at org.jetbrains.kotlin.cli.common.messages.MessageCollector.report$default(MessageCollector.kt:23)
	at org.jetbrains.kotlin.cli.common.output.OutputUtilsKt$writeAll$1.invoke(outputUtils.kt:54)
	at org.jetbrains.kotlin.cli.common.output.OutputUtilsKt$writeAll$1.invoke(outputUtils.kt:53)
	at org.jetbrains.kotlin.cli.common.output.OutputUtilsKt.writeAll(outputUtils.kt:31)
	at org.jetbrains.kotlin.cli.common.output.OutputUtilsKt.writeAll(outputUtils.kt:53)
	at org.jetbrains.kotlin.cli.jvm.compiler.CliCompilerUtilsKt.writeOutput(cliCompilerUtils.kt:134)
	at org.jetbrains.kotlin.cli.jvm.compiler.CliCompilerUtilsKt$createOutputFilesFlushingCallbackIfPossible$1.invoke(cliCompilerUtils.kt:95)
	at org.jetbrains.kotlin.cli.jvm.compiler.CliCompilerUtilsKt$createOutputFilesFlushingCallbackIfPossible$1.invoke(cliCompilerUtils.kt:93)
	at org.jetbrains.kotlin.codegen.state.GenerationStateKt$GenerationStateEventCallback$1.invoke(GenerationState.kt:412)
	at org.jetbrains.kotlin.codegen.state.GenerationStateKt$GenerationStateEventCallback$1.invoke(GenerationState.kt:411)
	at org.jetbrains.kotlin.codegen.state.GenerationState.afterIndependentPart(GenerationState.kt:363)
	at org.jetbrains.kotlin.backend.jvm.JvmIrCodegenFactory.invokeCodegen(JvmIrCodegenFactory.kt:366)
	at org.jetbrains.kotlin.cli.jvm.compiler.KotlinToJVMBytecodeCompiler.runCodegen(KotlinToJVMBytecodeCompiler.kt:347)
	at org.jetbrains.kotlin.cli.jvm.compiler.KotlinToJVMBytecodeCompiler.compileModules$cli(KotlinToJVMBytecodeCompiler.kt:122)
	at org.jetbrains.kotlin.cli.jvm.compiler.KotlinToJVMBytecodeCompiler.compileModules$cli$default(KotlinToJVMBytecodeCompiler.kt:43)
	at org.jetbrains.kotlin.cli.jvm.K2JVMCompiler.doExecute(K2JVMCompiler.kt:165)
	at org.jetbrains.kotlin.cli.jvm.K2JVMCompiler.doExecute(K2JVMCompiler.kt:50)
	at org.jetbrains.kotlin.cli.common.CLICompiler.execImpl(CLICompiler.kt:104)
	at org.jetbrains.kotlin.cli.common.CLICompiler.execImpl(CLICompiler.kt:48)
	at org.jetbrains.kotlin.cli.common.CLITool.exec(CLITool.kt:101)
	at org.jetbrains.kotlin.incremental.IncrementalJvmCompilerRunner.runCompiler(IncrementalJvmCompilerRunner.kt:463)
	at org.jetbrains.kotlin.incremental.IncrementalJvmCompilerRunner.runCompiler(IncrementalJvmCompilerRunner.kt:62)
	at org.jetbrains.kotlin.incremental.IncrementalCompilerRunner.doCompile(IncrementalCompilerRunner.kt:477)
	at org.jetbrains.kotlin.incremental.IncrementalCompilerRunner.compileImpl(IncrementalCompilerRunner.kt:400)
	at org.jetbrains.kotlin.incremental.IncrementalCompilerRunner.compileNonIncrementally(IncrementalCompilerRunner.kt:281)


